                              1 ;--------------------------------------------------------
                              2 ; File Created by SDCC : free open source ANSI-C Compiler
                              3 ; Version 2.9.0 #5416 (Mar 22 2009) (MINGW32)
                              4 ; This file was generated Sun Jul 15 18:49:22 2012
                              5 ;--------------------------------------------------------
                              6 	.module kombi
                              7 	.optsdcc -mmcs51 --model-small
                              8 	
                              9 ;--------------------------------------------------------
                             10 ; Public variables in this module
                             11 ;--------------------------------------------------------
                             12 	.globl _luxchange
                             13 	.globl _logtable
                             14 	.globl _main
                             15 	.globl _P3_1
                             16 	.globl _P3_0
                             17 	.globl _P1_7
                             18 	.globl _P1_6
                             19 	.globl _P1_5
                             20 	.globl _P1_4
                             21 	.globl _P1_3
                             22 	.globl _P1_2
                             23 	.globl _P1_1
                             24 	.globl _P1_0
                             25 	.globl _P0_7
                             26 	.globl _P0_6
                             27 	.globl _P0_5
                             28 	.globl _P0_4
                             29 	.globl _P0_3
                             30 	.globl _P0_2
                             31 	.globl _P0_1
                             32 	.globl _P0_0
                             33 	.globl _I2CON_0
                             34 	.globl _I2CON_2
                             35 	.globl _I2CON_3
                             36 	.globl _I2CON_4
                             37 	.globl _I2CON_5
                             38 	.globl _I2CON_6
                             39 	.globl _SCON_7
                             40 	.globl _SCON_6
                             41 	.globl _SCON_5
                             42 	.globl _SCON_4
                             43 	.globl _SCON_3
                             44 	.globl _SCON_2
                             45 	.globl _SCON_1
                             46 	.globl _SCON_0
                             47 	.globl _IP0_0
                             48 	.globl _IP0_1
                             49 	.globl _IP0_2
                             50 	.globl _IP0_3
                             51 	.globl _IP0_4
                             52 	.globl _IP0_5
                             53 	.globl _IP0_6
                             54 	.globl _IP1_0
                             55 	.globl _IP1_1
                             56 	.globl _IP1_2
                             57 	.globl _IP1_6
                             58 	.globl _IEN1_0
                             59 	.globl _IEN1_1
                             60 	.globl _IEN1_2
                             61 	.globl _IEN0_0
                             62 	.globl _IEN0_1
                             63 	.globl _IEN0_2
                             64 	.globl _IEN0_3
                             65 	.globl _IEN0_4
                             66 	.globl _IEN0_5
                             67 	.globl _IEN0_6
                             68 	.globl _IEN0_7
                             69 	.globl _TCON_0
                             70 	.globl _TCON_1
                             71 	.globl _TCON_2
                             72 	.globl _TCON_3
                             73 	.globl _TCON_4
                             74 	.globl _TCON_5
                             75 	.globl _TCON_6
                             76 	.globl _TCON_7
                             77 	.globl _PSW_7
                             78 	.globl _PSW_6
                             79 	.globl _PSW_5
                             80 	.globl _PSW_4
                             81 	.globl _PSW_3
                             82 	.globl _PSW_2
                             83 	.globl _PSW_1
                             84 	.globl _PSW_0
                             85 	.globl _IEN1
                             86 	.globl _IP0H
                             87 	.globl _WFEED2
                             88 	.globl _WFEED1
                             89 	.globl _WDL
                             90 	.globl _WDCON
                             91 	.globl _TRIM
                             92 	.globl _TAMOD
                             93 	.globl _SSTAT
                             94 	.globl _RTCL
                             95 	.globl _RTCH
                             96 	.globl _RTCCON
                             97 	.globl _RSTSRC
                             98 	.globl _PT0AD
                             99 	.globl _PCONA
                            100 	.globl _P3M2
                            101 	.globl _P3M1
                            102 	.globl _P1M2
                            103 	.globl _P1M1
                            104 	.globl _P0M2
                            105 	.globl _P0M1
                            106 	.globl _KBPATN
                            107 	.globl _KBMASK
                            108 	.globl _KBCON
                            109 	.globl _IP1H
                            110 	.globl _IP1
                            111 	.globl _I2STAT
                            112 	.globl _I2SCLL
                            113 	.globl _I2SCLH
                            114 	.globl _I2DAT
                            115 	.globl _I2CON
                            116 	.globl _I2ADR
                            117 	.globl _FMDATA
                            118 	.globl _FMCON
                            119 	.globl _FMADRL
                            120 	.globl _FMADRH
                            121 	.globl _DIVM
                            122 	.globl _CMP2
                            123 	.globl _CMP1
                            124 	.globl _BRGCON
                            125 	.globl _BRGR1
                            126 	.globl _BRGR0
                            127 	.globl _SADEN
                            128 	.globl _SADDR
                            129 	.globl _AUXR1
                            130 	.globl _SBUF
                            131 	.globl _SCON
                            132 	.globl _IP0
                            133 	.globl _IEN0
                            134 	.globl _TH1
                            135 	.globl _TH0
                            136 	.globl _TL1
                            137 	.globl _TL0
                            138 	.globl _TMOD
                            139 	.globl _TCON
                            140 	.globl _PCON
                            141 	.globl _DPH
                            142 	.globl _DPL
                            143 	.globl _SP
                            144 	.globl _B
                            145 	.globl _ACC
                            146 	.globl _PSW
                            147 	.globl _P3
                            148 	.globl _P1
                            149 	.globl _P0
                            150 	.globl _tastergetoggelt
                            151 	.globl _tasterpegel
                            152 	.globl _lux
                            153 	.globl _temp
                            154 	.globl _lasttemp
                            155 	.globl _lastlux
                            156 	.globl _timer
                            157 ;--------------------------------------------------------
                            158 ; special function registers
                            159 ;--------------------------------------------------------
                            160 	.area RSEG    (DATA)
                    0080    161 _P0	=	0x0080
                    0090    162 _P1	=	0x0090
                    00B0    163 _P3	=	0x00b0
                    00D0    164 _PSW	=	0x00d0
                    00E0    165 _ACC	=	0x00e0
                    00F0    166 _B	=	0x00f0
                    0081    167 _SP	=	0x0081
                    0082    168 _DPL	=	0x0082
                    0083    169 _DPH	=	0x0083
                    0087    170 _PCON	=	0x0087
                    0088    171 _TCON	=	0x0088
                    0089    172 _TMOD	=	0x0089
                    008A    173 _TL0	=	0x008a
                    008B    174 _TL1	=	0x008b
                    008C    175 _TH0	=	0x008c
                    008D    176 _TH1	=	0x008d
                    00A8    177 _IEN0	=	0x00a8
                    00B8    178 _IP0	=	0x00b8
                    0098    179 _SCON	=	0x0098
                    0099    180 _SBUF	=	0x0099
                    00A2    181 _AUXR1	=	0x00a2
                    00A9    182 _SADDR	=	0x00a9
                    00B9    183 _SADEN	=	0x00b9
                    00BE    184 _BRGR0	=	0x00be
                    00BF    185 _BRGR1	=	0x00bf
                    00BD    186 _BRGCON	=	0x00bd
                    00AC    187 _CMP1	=	0x00ac
                    00AD    188 _CMP2	=	0x00ad
                    0095    189 _DIVM	=	0x0095
                    00E7    190 _FMADRH	=	0x00e7
                    00E6    191 _FMADRL	=	0x00e6
                    00E4    192 _FMCON	=	0x00e4
                    00E5    193 _FMDATA	=	0x00e5
                    00DB    194 _I2ADR	=	0x00db
                    00D8    195 _I2CON	=	0x00d8
                    00DA    196 _I2DAT	=	0x00da
                    00DD    197 _I2SCLH	=	0x00dd
                    00DC    198 _I2SCLL	=	0x00dc
                    00D9    199 _I2STAT	=	0x00d9
                    00F8    200 _IP1	=	0x00f8
                    00F7    201 _IP1H	=	0x00f7
                    0094    202 _KBCON	=	0x0094
                    0086    203 _KBMASK	=	0x0086
                    0093    204 _KBPATN	=	0x0093
                    0084    205 _P0M1	=	0x0084
                    0085    206 _P0M2	=	0x0085
                    0091    207 _P1M1	=	0x0091
                    0092    208 _P1M2	=	0x0092
                    00B1    209 _P3M1	=	0x00b1
                    00B2    210 _P3M2	=	0x00b2
                    00B5    211 _PCONA	=	0x00b5
                    00F6    212 _PT0AD	=	0x00f6
                    00DF    213 _RSTSRC	=	0x00df
                    00D1    214 _RTCCON	=	0x00d1
                    00D2    215 _RTCH	=	0x00d2
                    00D3    216 _RTCL	=	0x00d3
                    00BA    217 _SSTAT	=	0x00ba
                    008F    218 _TAMOD	=	0x008f
                    0096    219 _TRIM	=	0x0096
                    00A7    220 _WDCON	=	0x00a7
                    00C1    221 _WDL	=	0x00c1
                    00C2    222 _WFEED1	=	0x00c2
                    00C3    223 _WFEED2	=	0x00c3
                    00B7    224 _IP0H	=	0x00b7
                    00E8    225 _IEN1	=	0x00e8
                            226 ;--------------------------------------------------------
                            227 ; special function bits
                            228 ;--------------------------------------------------------
                            229 	.area RSEG    (DATA)
                    00D0    230 _PSW_0	=	0x00d0
                    00D1    231 _PSW_1	=	0x00d1
                    00D2    232 _PSW_2	=	0x00d2
                    00D3    233 _PSW_3	=	0x00d3
                    00D4    234 _PSW_4	=	0x00d4
                    00D5    235 _PSW_5	=	0x00d5
                    00D6    236 _PSW_6	=	0x00d6
                    00D7    237 _PSW_7	=	0x00d7
                    008F    238 _TCON_7	=	0x008f
                    008E    239 _TCON_6	=	0x008e
                    008D    240 _TCON_5	=	0x008d
                    008C    241 _TCON_4	=	0x008c
                    008B    242 _TCON_3	=	0x008b
                    008A    243 _TCON_2	=	0x008a
                    0089    244 _TCON_1	=	0x0089
                    0088    245 _TCON_0	=	0x0088
                    00AF    246 _IEN0_7	=	0x00af
                    00AE    247 _IEN0_6	=	0x00ae
                    00AD    248 _IEN0_5	=	0x00ad
                    00AC    249 _IEN0_4	=	0x00ac
                    00AB    250 _IEN0_3	=	0x00ab
                    00AA    251 _IEN0_2	=	0x00aa
                    00A9    252 _IEN0_1	=	0x00a9
                    00A8    253 _IEN0_0	=	0x00a8
                    00EA    254 _IEN1_2	=	0x00ea
                    00E9    255 _IEN1_1	=	0x00e9
                    00E8    256 _IEN1_0	=	0x00e8
                    00FE    257 _IP1_6	=	0x00fe
                    00FA    258 _IP1_2	=	0x00fa
                    00F9    259 _IP1_1	=	0x00f9
                    00F8    260 _IP1_0	=	0x00f8
                    00BE    261 _IP0_6	=	0x00be
                    00BD    262 _IP0_5	=	0x00bd
                    00BC    263 _IP0_4	=	0x00bc
                    00BB    264 _IP0_3	=	0x00bb
                    00BA    265 _IP0_2	=	0x00ba
                    00B9    266 _IP0_1	=	0x00b9
                    00B8    267 _IP0_0	=	0x00b8
                    0098    268 _SCON_0	=	0x0098
                    0099    269 _SCON_1	=	0x0099
                    009A    270 _SCON_2	=	0x009a
                    009B    271 _SCON_3	=	0x009b
                    009C    272 _SCON_4	=	0x009c
                    009D    273 _SCON_5	=	0x009d
                    009E    274 _SCON_6	=	0x009e
                    009F    275 _SCON_7	=	0x009f
                    00DE    276 _I2CON_6	=	0x00de
                    00DD    277 _I2CON_5	=	0x00dd
                    00DC    278 _I2CON_4	=	0x00dc
                    00DB    279 _I2CON_3	=	0x00db
                    00DA    280 _I2CON_2	=	0x00da
                    00D8    281 _I2CON_0	=	0x00d8
                    0080    282 _P0_0	=	0x0080
                    0081    283 _P0_1	=	0x0081
                    0082    284 _P0_2	=	0x0082
                    0083    285 _P0_3	=	0x0083
                    0084    286 _P0_4	=	0x0084
                    0085    287 _P0_5	=	0x0085
                    0086    288 _P0_6	=	0x0086
                    0087    289 _P0_7	=	0x0087
                    0090    290 _P1_0	=	0x0090
                    0091    291 _P1_1	=	0x0091
                    0092    292 _P1_2	=	0x0092
                    0093    293 _P1_3	=	0x0093
                    0094    294 _P1_4	=	0x0094
                    0095    295 _P1_5	=	0x0095
                    0096    296 _P1_6	=	0x0096
                    0097    297 _P1_7	=	0x0097
                    00B0    298 _P3_0	=	0x00b0
                    00B1    299 _P3_1	=	0x00b1
                            300 ;--------------------------------------------------------
                            301 ; overlayable register banks
                            302 ;--------------------------------------------------------
                            303 	.area REG_BANK_0	(REL,OVR,DATA)
   0000                     304 	.ds 8
                            305 ;--------------------------------------------------------
                            306 ; internal ram data
                            307 ;--------------------------------------------------------
                            308 	.area DSEG    (DATA)
   0000                     309 _timer::
   0000                     310 	.ds 2
   0002                     311 _lastlux::
   0002                     312 	.ds 2
   0004                     313 _lasttemp::
   0004                     314 	.ds 2
   0006                     315 _temp::
   0006                     316 	.ds 2
   0008                     317 _lux::
   0008                     318 	.ds 2
   000A                     319 _tasterpegel::
   000A                     320 	.ds 1
                            321 ;--------------------------------------------------------
                            322 ; overlayable items in internal ram 
                            323 ;--------------------------------------------------------
                            324 	.area OSEG    (OVR,DATA)
                            325 ;--------------------------------------------------------
                            326 ; Stack segment in internal ram 
                            327 ;--------------------------------------------------------
                            328 	.area	SSEG	(DATA)
   0000                     329 __start__stack:
   0000                     330 	.ds	1
                            331 
                            332 ;--------------------------------------------------------
                            333 ; indirectly addressable internal ram data
                            334 ;--------------------------------------------------------
                            335 	.area ISEG    (DATA)
                            336 ;--------------------------------------------------------
                            337 ; absolute internal ram data
                            338 ;--------------------------------------------------------
                            339 	.area IABS    (ABS,DATA)
                            340 	.area IABS    (ABS,DATA)
                            341 ;--------------------------------------------------------
                            342 ; bit data
                            343 ;--------------------------------------------------------
                            344 	.area BSEG    (BIT)
   0000                     345 _tastergetoggelt::
   0000                     346 	.ds 1
                            347 ;--------------------------------------------------------
                            348 ; paged external ram data
                            349 ;--------------------------------------------------------
                            350 	.area PSEG    (PAG,XDATA)
                            351 ;--------------------------------------------------------
                            352 ; external ram data
                            353 ;--------------------------------------------------------
                            354 	.area XSEG    (XDATA)
                            355 ;--------------------------------------------------------
                            356 ; absolute external ram data
                            357 ;--------------------------------------------------------
                            358 	.area XABS    (ABS,XDATA)
                            359 ;--------------------------------------------------------
                            360 ; external initialized ram data
                            361 ;--------------------------------------------------------
                            362 	.area XISEG   (XDATA)
                            363 	.area HOME    (CODE)
                            364 	.area GSINIT0 (CODE)
                            365 	.area GSINIT1 (CODE)
                            366 	.area GSINIT2 (CODE)
                            367 	.area GSINIT3 (CODE)
                            368 	.area GSINIT4 (CODE)
                            369 	.area GSINIT5 (CODE)
                            370 	.area GSINIT  (CODE)
                            371 	.area GSFINAL (CODE)
                            372 	.area CSEG    (CODE)
                            373 ;--------------------------------------------------------
                            374 ; interrupt vector 
                            375 ;--------------------------------------------------------
                            376 	.area HOME    (CODE)
   0000                     377 __interrupt_vect:
   0000 02s00r00            378 	ljmp	__sdcc_gsinit_startup
   0003 32                  379 	reti
   0004                     380 	.ds	7
   000B 32                  381 	reti
   000C                     382 	.ds	7
   0013 02s00r00            383 	ljmp	_X1_int
   0016                     384 	.ds	5
   001B 02s00r00            385 	ljmp	_T1_int
                            386 ;--------------------------------------------------------
                            387 ; global & static initialisations
                            388 ;--------------------------------------------------------
                            389 	.area HOME    (CODE)
                            390 	.area GSINIT  (CODE)
                            391 	.area GSFINAL (CODE)
                            392 	.area GSINIT  (CODE)
                            393 	.globl __sdcc_gsinit_startup
                            394 	.globl __sdcc_program_startup
                            395 	.globl __start__stack
                            396 	.globl __mcs51_genXINIT
                            397 	.globl __mcs51_genXRAMCLEAR
                            398 	.globl __mcs51_genRAMCLEAR
                            399 ;	../kombi.c:70: unsigned char tasterpegel=0;
   0000 75*0A 00            400 	mov	_tasterpegel,#0x00
                            401 ;	../kombi.c:71: __bit tastergetoggelt=0;
   0003 C2*00               402 	clr	_tastergetoggelt
                            403 	.area GSFINAL (CODE)
   0000 02s00r1E            404 	ljmp	__sdcc_program_startup
                            405 ;--------------------------------------------------------
                            406 ; Home
                            407 ;--------------------------------------------------------
                            408 	.area HOME    (CODE)
                            409 	.area HOME    (CODE)
   001E                     410 __sdcc_program_startup:
   001E 12s00r00            411 	lcall	_main
                            412 ;	return from main will lock up
   0021 80 FE               413 	sjmp .
                            414 ;--------------------------------------------------------
                            415 ; code
                            416 ;--------------------------------------------------------
                            417 	.area CSEG    (CODE)
                            418 ;------------------------------------------------------------
                            419 ;Allocation info for local variables in function 'main'
                            420 ;------------------------------------------------------------
                            421 ;n                         Allocated to registers r3 
                            422 ;m                         Allocated to registers r7 
                            423 ;delta                     Allocated to registers r5 
                            424 ;th                        Allocated to registers r2 r3 
                            425 ;change                    Allocated to registers r2 r3 
                            426 ;eis5temp                  Allocated to registers r2 r3 
                            427 ;korrektur                 Allocated to registers r4 
                            428 ;exponent                  Allocated to registers r4 r5 
                            429 ;eis5lux                   Allocated to registers r2 r3 
                            430 ;rest                      Allocated to registers r2 r4 
                            431 ;sloc0                     Allocated to stack - offset 1
                            432 ;------------------------------------------------------------
                            433 ;	../kombi.c:83: void main(void)
                            434 ;	-----------------------------------------
                            435 ;	 function main
                            436 ;	-----------------------------------------
   0000                     437 _main:
                    0002    438 	ar2 = 0x02
                    0003    439 	ar3 = 0x03
                    0004    440 	ar4 = 0x04
                    0005    441 	ar5 = 0x05
                    0006    442 	ar6 = 0x06
                    0007    443 	ar7 = 0x07
                    0000    444 	ar0 = 0x00
                    0001    445 	ar1 = 0x01
   0000 C0*00               446 	push	_bp
   0002 85 81*00            447 	mov	_bp,sp
   0005 05 81               448 	inc	sp
                            449 ;	../kombi.c:91: WDL=0xFF;
   0007 75 C1 FF            450 	mov	_WDL,#0xFF
                            451 ;	../kombi.c:92: EA=0;
   000A C2 AF               452 	clr	_IEN0_7
                            453 ;	../kombi.c:93: WDCON=0xE5;
   000C 75 A7 E5            454 	mov	_WDCON,#0xE5
                            455 ;	../kombi.c:94: WFEED1=0xA5;
   000F 75 C2 A5            456 	mov	_WFEED1,#0xA5
                            457 ;	../kombi.c:95: WFEED2=0x5A;
   0012 75 C3 5A            458 	mov	_WFEED2,#0x5A
                            459 ;	../kombi.c:96: EA=1;
   0015 D2 AF               460 	setb	_IEN0_7
                            461 ;	../kombi.c:99: restart_hw();				// Hardware zuruecksetzen
   0017 12s00r00            462 	lcall	_restart_hw
                            463 ;	../kombi.c:101: for (n=0;n<50;n++) {		// Warten bis Bus stabil, nach Busspannungswiederkehr
   001A 7A 00               464 	mov	r2,#0x00
   001C                     465 00185$:
   001C BA 32 00            466 	cjne	r2,#0x32,00250$
   001F                     467 00250$:
   001F 50 1A               468 	jnc	00188$
                            469 ;	../kombi.c:102: TR0=0;					// Timer 0 anhalten
   0021 C2 8C               470 	clr	_TCON_4
                            471 ;	../kombi.c:103: TH0=eeprom[ADDRTAB+1];	// Timer 0 setzen mit phys. Adr. damit Geräte unterschiedlich beginnen zu senden
   0023 90s00r17            472 	mov	dptr,#(_eeprom + 0x0017)
   0026 E4                  473 	clr	a
   0027 93                  474 	movc	a,@a+dptr
   0028 F5 8C               475 	mov	_TH0,a
                            476 ;	../kombi.c:104: TL0=eeprom[ADDRTAB+2];
   002A 90s00r18            477 	mov	dptr,#(_eeprom + 0x0018)
   002D E4                  478 	clr	a
   002E 93                  479 	movc	a,@a+dptr
   002F F5 8A               480 	mov	_TL0,a
                            481 ;	../kombi.c:105: TF0=0;					// Überlauf-Flag zurücksetzen
   0031 C2 8D               482 	clr	_TCON_5
                            483 ;	../kombi.c:106: TR0=1;					// Timer 0 starten
   0033 D2 8C               484 	setb	_TCON_4
                            485 ;	../kombi.c:107: while(!TF0);
   0035                     486 00101$:
   0035 30 8D FD            487 	jnb	_TCON_5,00101$
                            488 ;	../kombi.c:101: for (n=0;n<50;n++) {		// Warten bis Bus stabil, nach Busspannungswiederkehr
   0038 0A                  489 	inc	r2
   0039 80 E1               490 	sjmp	00185$
   003B                     491 00188$:
                            492 ;	../kombi.c:109: restart_app();				// Anwendungsspezifische Einstellungen zuruecksetzen
   003B 12s00r00            493 	lcall	_restart_app
                            494 ;	../kombi.c:112: EA=0;
   003E C2 AF               495 	clr	_IEN0_7
                            496 ;	../kombi.c:113: WFEED1=0xA5;
   0040 75 C2 A5            497 	mov	_WFEED1,#0xA5
                            498 ;	../kombi.c:114: WFEED2=0x5A;
   0043 75 C3 5A            499 	mov	_WFEED2,#0x5A
                            500 ;	../kombi.c:115: EA=1;
   0046 D2 AF               501 	setb	_IEN0_7
                            502 ;	../kombi.c:117: do {
   0048                     503 00182$:
                            504 ;	../kombi.c:118: if (eeprom[0x0D]==0xFF && fb_state==0 && !connected  ) {	// Nur wenn im run-mode und statemachine idle
   0048 90s00r0D            505 	mov	dptr,#(_eeprom + 0x000d)
   004B E4                  506 	clr	a
   004C 93                  507 	movc	a,@a+dptr
   004D FA                  508 	mov	r2,a
   004E BA FF 02            509 	cjne	r2,#0xFF,00253$
   0051 80 03               510 	sjmp	00254$
   0053                     511 00253$:
   0053 02s03rF0            512 	ljmp	00164$
   0056                     513 00254$:
   0056 E5*00               514 	mov	a,_fb_state
   0058 60 03               515 	jz	00255$
   005A 02s03rF0            516 	ljmp	00164$
   005D                     517 00255$:
   005D 30*00 03            518 	jnb	_connected,00256$
   0060 02s03rF0            519 	ljmp	00164$
   0063                     520 00256$:
                            521 ;	../kombi.c:121: ET1=0;									// statemachine stoppen
   0063 C2 AB               522 	clr	_IEN0_3
                            523 ;	../kombi.c:122: switch (sequence) {
   0065 78r00               524 	mov	r0,#_sequence
   0067 B6 01 02            525 	cjne	@r0,#0x01,00257$
   006A 80 19               526 	sjmp	00104$
   006C                     527 00257$:
   006C 78r00               528 	mov	r0,#_sequence
   006E B6 02 02            529 	cjne	@r0,#0x02,00258$
   0071 80 30               530 	sjmp	00109$
   0073                     531 00258$:
   0073 78r00               532 	mov	r0,#_sequence
   0075 B6 03 02            533 	cjne	@r0,#0x03,00259$
   0078 80 49               534 	sjmp	00115$
   007A                     535 00259$:
   007A 78r00               536 	mov	r0,#_sequence
   007C B6 04 03            537 	cjne	@r0,#0x04,00260$
   007F 02s01r43            538 	ljmp	00122$
   0082                     539 00260$:
   0082 02s02rEB            540 	ljmp	00146$
                            541 ;	../kombi.c:123: case 1:
   0085                     542 00104$:
                            543 ;	../kombi.c:124: if((timer&0x3F) == 0x30) {	// nur alle 10 Sekunden wandeln
   0085 74 3F               544 	mov	a,#0x3F
   0087 55*00               545 	anl	a,_timer
   0089 FA                  546 	mov	r2,a
   008A 7B 00               547 	mov	r3,#0x00
   008C BA 30 0F            548 	cjne	r2,#0x30,00108$
   008F BB 00 0C            549 	cjne	r3,#0x00,00108$
                            550 ;	../kombi.c:125: interrupted=0;
   0092 C2*00               551 	clr	_interrupted
                            552 ;	../kombi.c:126: start_tempconversion();				// Konvertierung starten
   0094 12s00r00            553 	lcall	_start_tempconversion
                            554 ;	../kombi.c:127: if (!interrupted) sequence=2;
   0097 20*00 04            555 	jb	_interrupted,00108$
   009A 78r00               556 	mov	r0,#_sequence
   009C 76 02               557 	mov	@r0,#0x02
   009E                     558 00108$:
                            559 ;	../kombi.c:129: ET1=1;						// statemachine starten
   009E D2 AB               560 	setb	_IEN0_3
                            561 ;	../kombi.c:130: break;
   00A0 02s02rEB            562 	ljmp	00146$
                            563 ;	../kombi.c:131: case 2:
   00A3                     564 00109$:
                            565 ;	../kombi.c:132: if((timer&0x07) == 0x07) {	// nur ein mal pro Sekunde pollen
   00A3 74 07               566 	mov	a,#0x07
   00A5 55*00               567 	anl	a,_timer
   00A7 FA                  568 	mov	r2,a
   00A8 7B 00               569 	mov	r3,#0x00
   00AA BA 07 11            570 	cjne	r2,#0x07,00114$
   00AD BB 00 0E            571 	cjne	r3,#0x00,00114$
                            572 ;	../kombi.c:133: interrupted=0;
   00B0 C2*00               573 	clr	_interrupted
                            574 ;	../kombi.c:134: if (ow_read_bit() && !interrupted) sequence=3;	// Konvertierung abgeschlossen
   00B2 12s00r00            575 	lcall	_ow_read_bit
   00B5 50 07               576 	jnc	00114$
   00B7 20*00 04            577 	jb	_interrupted,00114$
   00BA 78r00               578 	mov	r0,#_sequence
   00BC 76 03               579 	mov	@r0,#0x03
   00BE                     580 00114$:
                            581 ;	../kombi.c:136: ET1=1;						// statemachine starten
   00BE D2 AB               582 	setb	_IEN0_3
                            583 ;	../kombi.c:137: break;
   00C0 02s02rEB            584 	ljmp	00146$
                            585 ;	../kombi.c:138: case 3:
   00C3                     586 00115$:
                            587 ;	../kombi.c:139: interrupted=0;
   00C3 C2*00               588 	clr	_interrupted
                            589 ;	../kombi.c:145: th=read_temp();					// Temperatur einlesen
   00C5 12s00r00            590 	lcall	_read_temp
   00C8 AA 82               591 	mov	r2,dpl
   00CA AB 83               592 	mov	r3,dph
                            593 ;	../kombi.c:147: ET1=1;						// statemachine starten
   00CC D2 AB               594 	setb	_IEN0_3
                            595 ;	../kombi.c:148: korrektur = (signed char)eeprom[TEMPCORR];			// Parameter Korrekturwert Temperatur
   00CE 90s00rCA            596 	mov	dptr,#(_eeprom + 0x00ca)
   00D1 E4                  597 	clr	a
   00D2 93                  598 	movc	a,@a+dptr
   00D3 FC                  599 	mov	r4,a
                            600 ;	../kombi.c:149: for (n=0;n<10;n++)th+=korrektur;
   00D4 7D 0A               601 	mov	r5,#0x0A
   00D6                     602 00191$:
   00D6 EC                  603 	mov	a,r4
   00D7 FE                  604 	mov	r6,a
   00D8 33                  605 	rlc	a
   00D9 95 E0               606 	subb	a,acc
   00DB FF                  607 	mov	r7,a
   00DC EE                  608 	mov	a,r6
   00DD 2A                  609 	add	a,r2
   00DE FA                  610 	mov	r2,a
   00DF EF                  611 	mov	a,r7
   00E0 3B                  612 	addc	a,r3
   00E1 FB                  613 	mov	r3,a
   00E2 DD F2               614 	djnz	r5,00191$
                            615 ;	../kombi.c:151: if (!interrupted) {
   00E4 30*00 03            616 	jnb	_interrupted,00270$
   00E7 02s02rEB            617 	ljmp	00146$
   00EA                     618 00270$:
                            619 ;	../kombi.c:152: temp=th;
   00EA 8A*06               620 	mov	_temp,r2
   00EC 8B*07               621 	mov	(_temp + 1),r3
                            622 ;	../kombi.c:153: if (temp != lasttemp) {
   00EE E5*04               623 	mov	a,_lasttemp
   00F0 B5*06 07            624 	cjne	a,_temp,00271$
   00F3 E5*05               625 	mov	a,(_lasttemp + 1)
   00F5 B5*07 02            626 	cjne	a,(_temp + 1),00271$
   00F8 80 42               627 	sjmp	00119$
   00FA                     628 00271$:
                            629 ;	../kombi.c:154: eis5temp=(temp>>3)&0x07FF;	// durch 8 teilen, da später Exponent 3 dazukommt
   00FA AA*06               630 	mov	r2,_temp
   00FC E5*07               631 	mov	a,(_temp + 1)
   00FE C4                  632 	swap	a
   00FF 23                  633 	rl	a
   0100 CA                  634 	xch	a,r2
   0101 C4                  635 	swap	a
   0102 23                  636 	rl	a
   0103 54 1F               637 	anl	a,#0x1f
   0105 6A                  638 	xrl	a,r2
   0106 CA                  639 	xch	a,r2
   0107 54 1F               640 	anl	a,#0x1f
   0109 CA                  641 	xch	a,r2
   010A 6A                  642 	xrl	a,r2
   010B CA                  643 	xch	a,r2
   010C 30 E4 02            644 	jnb	acc.4,00272$
   010F 44 E0               645 	orl	a,#0xe0
   0111                     646 00272$:
   0111 FB                  647 	mov	r3,a
   0112 53 03 07            648 	anl	ar3,#0x07
                            649 ;	../kombi.c:155: eis5temp=eis5temp+(0x18 << 8);
   0115 74 18               650 	mov	a,#0x18
   0117 2B                  651 	add	a,r3
   0118 FB                  652 	mov	r3,a
                            653 ;	../kombi.c:156: if (temp<0) eis5temp+=0x8000;	// Vorzeichen
   0119 E5*07               654 	mov	a,(_temp + 1)
   011B 30 E7 04            655 	jnb	acc.7,00117$
   011E 74 80               656 	mov	a,#0x80
   0120 2B                  657 	add	a,r3
   0121 FB                  658 	mov	r3,a
   0122                     659 00117$:
                            660 ;	../kombi.c:157: write_obj_value(1,eis5temp);
   0122 C0 02               661 	push	ar2
   0124 C0 03               662 	push	ar3
   0126 75 82 01            663 	mov	dpl,#0x01
   0129 12s00r00            664 	lcall	_write_obj_value
   012C 15 81               665 	dec	sp
   012E 15 81               666 	dec	sp
                            667 ;	../kombi.c:159: schwelle(6);             // Temperaturschwellen prüfen und ggf. reagieren
   0130 75 82 06            668 	mov	dpl,#0x06
   0133 12s00r00            669 	lcall	_schwelle
                            670 ;	../kombi.c:160: schwelle(7);
   0136 75 82 07            671 	mov	dpl,#0x07
   0139 12s00r00            672 	lcall	_schwelle
   013C                     673 00119$:
                            674 ;	../kombi.c:162: sequence=4;
   013C 78r00               675 	mov	r0,#_sequence
   013E 76 04               676 	mov	@r0,#0x04
                            677 ;	../kombi.c:164: break;
   0140 02s02rEB            678 	ljmp	00146$
                            679 ;	../kombi.c:165: case 4:				// Helligkeitswert konvertieren
   0143                     680 00122$:
                            681 ;	../kombi.c:166: interrupted=0;
   0143 C2*00               682 	clr	_interrupted
                            683 ;	../kombi.c:167: Get_ADC(3);		// ADC-Wert holen
   0145 75 82 03            684 	mov	dpl,#0x03
   0148 12s00r00            685 	lcall	_Get_ADC
                            686 ;	../kombi.c:168: ET1=1;			// statemachine starten
   014B D2 AB               687 	setb	_IEN0_3
                            688 ;	../kombi.c:169: if (!interrupted) {
   014D 30*00 03            689 	jnb	_interrupted,00274$
   0150 02s02rEB            690 	ljmp	00146$
   0153                     691 00274$:
                            692 ;	../kombi.c:171: if (HighByte>=112) {
   0153 74 90               693 	mov	a,#0x100 - 0x70
   0155 25*00               694 	add	a,_HighByte
   0157 50 09               695 	jnc	00137$
                            696 ;	../kombi.c:172: lux=65535;
   0159 75*08 FF            697 	mov	_lux,#0xFF
   015C 75*09 FF            698 	mov	(_lux + 1),#0xFF
   015F 02s02r63            699 	ljmp	00138$
   0162                     700 00137$:
                            701 ;	../kombi.c:185: lux=2;
   0162 75*08 02            702 	mov	_lux,#0x02
   0165 E4                  703 	clr	a
   0166 F5*09               704 	mov	(_lux + 1),a
                            705 ;	../kombi.c:186: while (HighByte >= logtable[n]) {
   0168 7A 00               706 	mov	r2,#0x00
   016A                     707 00123$:
   016A EA                  708 	mov	a,r2
   016B 90s00r00            709 	mov	dptr,#_logtable
   016E 93                  710 	movc	a,@a+dptr
   016F FB                  711 	mov	r3,a
   0170 C3                  712 	clr	c
   0171 E5*00               713 	mov	a,_HighByte
   0173 9B                  714 	subb	a,r3
   0174 40 0E               715 	jc	00246$
                            716 ;	../kombi.c:187: n++;
   0176 0A                  717 	inc	r2
                            718 ;	../kombi.c:188: lux=lux*2;
   0177 E5*09               719 	mov	a,(_lux + 1)
   0179 C5*08               720 	xch	a,_lux
   017B 25 E0               721 	add	a,acc
   017D C5*08               722 	xch	a,_lux
   017F 33                  723 	rlc	a
   0180 F5*09               724 	mov	(_lux + 1),a
   0182 80 E6               725 	sjmp	00123$
   0184                     726 00246$:
                            727 ;	../kombi.c:190: if (n<=1) lux=0;
   0184 EA                  728 	mov	a,r2
   0185 FB                  729 	mov	r3,a
   0186 24 FE               730 	add	a,#0xff - 0x01
   0188 40 05               731 	jc	00127$
   018A E4                  732 	clr	a
   018B F5*08               733 	mov	_lux,a
   018D F5*09               734 	mov	(_lux + 1),a
   018F                     735 00127$:
                            736 ;	../kombi.c:193: rest=HighByte-logtable[n-1];
   018F AA*00               737 	mov	r2,_HighByte
   0191 7C 00               738 	mov	r4,#0x00
   0193 EB                  739 	mov	a,r3
   0194 14                  740 	dec	a
   0195 90s00r00            741 	mov	dptr,#_logtable
   0198 93                  742 	movc	a,@a+dptr
   0199 FD                  743 	mov	r5,a
   019A FE                  744 	mov	r6,a
   019B 7F 00               745 	mov	r7,#0x00
   019D EA                  746 	mov	a,r2
   019E C3                  747 	clr	c
   019F 9E                  748 	subb	a,r6
   01A0 FA                  749 	mov	r2,a
   01A1 EC                  750 	mov	a,r4
   01A2 9F                  751 	subb	a,r7
   01A3 FC                  752 	mov	r4,a
                            753 ;	../kombi.c:194: delta=logtable[n]-logtable[n-1];
   01A4 EB                  754 	mov	a,r3
   01A5 90s00r00            755 	mov	dptr,#_logtable
   01A8 93                  756 	movc	a,@a+dptr
   01A9 FE                  757 	mov	r6,a
   01AA C3                  758 	clr	c
   01AB 9D                  759 	subb	a,r5
   01AC FD                  760 	mov	r5,a
                            761 ;	../kombi.c:200: if (n<11) m=n+2; else m=n-2;
   01AD A8*00               762 	mov	r0,_bp
   01AF 08                  763 	inc	r0
   01B0 BB 0B 00            764 	cjne	r3,#0x0B,00278$
   01B3                     765 00278$:
   01B3 E4                  766 	clr	a
   01B4 33                  767 	rlc	a
   01B5 F6                  768 	mov	@r0,a
   01B6 A8*00               769 	mov	r0,_bp
   01B8 08                  770 	inc	r0
   01B9 E6                  771 	mov	a,@r0
   01BA 60 06               772 	jz	00129$
   01BC 74 02               773 	mov	a,#0x02
   01BE 2B                  774 	add	a,r3
   01BF FF                  775 	mov	r7,a
   01C0 80 04               776 	sjmp	00130$
   01C2                     777 00129$:
   01C2 EB                  778 	mov	a,r3
   01C3 24 FE               779 	add	a,#0xfe
   01C5 FF                  780 	mov	r7,a
   01C6                     781 00130$:
                            782 ;	../kombi.c:201: rest=rest<<m;
   01C6 C0 03               783 	push	ar3
   01C8 8F F0               784 	mov	b,r7
   01CA 05 F0               785 	inc	b
   01CC 80 06               786 	sjmp	00281$
   01CE                     787 00280$:
   01CE EA                  788 	mov	a,r2
   01CF 2A                  789 	add	a,r2
   01D0 FA                  790 	mov	r2,a
   01D1 EC                  791 	mov	a,r4
   01D2 33                  792 	rlc	a
   01D3 FC                  793 	mov	r4,a
   01D4                     794 00281$:
   01D4 D5 F0 F7            795 	djnz	b,00280$
                            796 ;	../kombi.c:202: rest=_divuint(rest,delta);
   01D7 7F 00               797 	mov	r7,#0x00
   01D9 C0 05               798 	push	ar5
   01DB C0 07               799 	push	ar7
   01DD C0 05               800 	push	ar5
   01DF C0 07               801 	push	ar7
   01E1 8A 82               802 	mov	dpl,r2
   01E3 8C 83               803 	mov	dph,r4
   01E5 12s00r00            804 	lcall	__divuint
   01E8 AB 82               805 	mov	r3,dpl
   01EA AE 83               806 	mov	r6,dph
   01EC 15 81               807 	dec	sp
   01EE 15 81               808 	dec	sp
   01F0 D0 07               809 	pop	ar7
   01F2 D0 05               810 	pop	ar5
   01F4 8B 02               811 	mov	ar2,r3
   01F6 8E 04               812 	mov	ar4,r6
                            813 ;	../kombi.c:203: if (n<11) lux+=rest; else lux+=rest<<4;
   01F8 D0 03               814 	pop	ar3
   01FA A8*00               815 	mov	r0,_bp
   01FC 08                  816 	inc	r0
   01FD E6                  817 	mov	a,@r0
   01FE 60 0C               818 	jz	00132$
   0200 EA                  819 	mov	a,r2
   0201 25*08               820 	add	a,_lux
   0203 F5*08               821 	mov	_lux,a
   0205 EC                  822 	mov	a,r4
   0206 35*09               823 	addc	a,(_lux + 1)
   0208 F5*09               824 	mov	(_lux + 1),a
   020A 80 18               825 	sjmp	00133$
   020C                     826 00132$:
   020C EC                  827 	mov	a,r4
   020D C4                  828 	swap	a
   020E 54 F0               829 	anl	a,#0xf0
   0210 CA                  830 	xch	a,r2
   0211 C4                  831 	swap	a
   0212 CA                  832 	xch	a,r2
   0213 6A                  833 	xrl	a,r2
   0214 CA                  834 	xch	a,r2
   0215 54 F0               835 	anl	a,#0xf0
   0217 CA                  836 	xch	a,r2
   0218 6A                  837 	xrl	a,r2
   0219 FC                  838 	mov	r4,a
   021A EA                  839 	mov	a,r2
   021B 25*08               840 	add	a,_lux
   021D F5*08               841 	mov	_lux,a
   021F EC                  842 	mov	a,r4
   0220 35*09               843 	addc	a,(_lux + 1)
   0222 F5*09               844 	mov	(_lux + 1),a
   0224                     845 00133$:
                            846 ;	../kombi.c:206: if (n<7) lux+=(_divuint(LowByte<<(n+2),delta)>>8);
   0224 BB 07 00            847 	cjne	r3,#0x07,00283$
   0227                     848 00283$:
   0227 50 3A               849 	jnc	00138$
   0229 AA*00               850 	mov	r2,_LowByte
   022B E4                  851 	clr	a
   022C FC                  852 	mov	r4,a
   022D FE                  853 	mov	r6,a
   022E 74 02               854 	mov	a,#0x02
   0230 2B                  855 	add	a,r3
   0231 FB                  856 	mov	r3,a
   0232 E4                  857 	clr	a
   0233 3E                  858 	addc	a,r6
   0234 FE                  859 	mov	r6,a
   0235 8B F0               860 	mov	b,r3
   0237 05 F0               861 	inc	b
   0239 80 06               862 	sjmp	00286$
   023B                     863 00285$:
   023B EA                  864 	mov	a,r2
   023C 2A                  865 	add	a,r2
   023D FA                  866 	mov	r2,a
   023E EC                  867 	mov	a,r4
   023F 33                  868 	rlc	a
   0240 FC                  869 	mov	r4,a
   0241                     870 00286$:
   0241 D5 F0 F7            871 	djnz	b,00285$
   0244 C0 05               872 	push	ar5
   0246 C0 07               873 	push	ar7
   0248 8A 82               874 	mov	dpl,r2
   024A 8C 83               875 	mov	dph,r4
   024C 12s00r00            876 	lcall	__divuint
   024F AB 83               877 	mov	r3,dph
   0251 15 81               878 	dec	sp
   0253 15 81               879 	dec	sp
   0255 8B 02               880 	mov	ar2,r3
   0257 7B 00               881 	mov	r3,#0x00
   0259 EA                  882 	mov	a,r2
   025A 25*08               883 	add	a,_lux
   025C F5*08               884 	mov	_lux,a
   025E EB                  885 	mov	a,r3
   025F 35*09               886 	addc	a,(_lux + 1)
   0261 F5*09               887 	mov	(_lux + 1),a
   0263                     888 00138$:
                            889 ;	../kombi.c:209: if (lux!=lastlux) {
   0263 E5*02               890 	mov	a,_lastlux
   0265 B5*08 07            891 	cjne	a,_lux,00287$
   0268 E5*03               892 	mov	a,(_lastlux + 1)
   026A B5*09 02            893 	cjne	a,(_lux + 1),00287$
   026D 80 72               894 	sjmp	00143$
   026F                     895 00287$:
                            896 ;	../kombi.c:212: eis5lux=lux>>1;
   026F AA*08               897 	mov	r2,_lux
   0271 E5*09               898 	mov	a,(_lux + 1)
   0273 C3                  899 	clr	c
   0274 13                  900 	rrc	a
   0275 CA                  901 	xch	a,r2
   0276 13                  902 	rrc	a
   0277 CA                  903 	xch	a,r2
   0278 FB                  904 	mov	r3,a
                            905 ;	../kombi.c:213: eis5lux+=lux>>2;
   0279 AC*08               906 	mov	r4,_lux
   027B E5*09               907 	mov	a,(_lux + 1)
   027D C3                  908 	clr	c
   027E 13                  909 	rrc	a
   027F CC                  910 	xch	a,r4
   0280 13                  911 	rrc	a
   0281 CC                  912 	xch	a,r4
   0282 C3                  913 	clr	c
   0283 13                  914 	rrc	a
   0284 CC                  915 	xch	a,r4
   0285 13                  916 	rrc	a
   0286 CC                  917 	xch	a,r4
   0287 FD                  918 	mov	r5,a
   0288 EC                  919 	mov	a,r4
   0289 2A                  920 	add	a,r2
   028A FA                  921 	mov	r2,a
   028B ED                  922 	mov	a,r5
   028C 3B                  923 	addc	a,r3
   028D FB                  924 	mov	r3,a
                            925 ;	../kombi.c:214: eis5lux+=lux>>5;
   028E AC*08               926 	mov	r4,_lux
   0290 E5*09               927 	mov	a,(_lux + 1)
   0292 C4                  928 	swap	a
   0293 03                  929 	rr	a
   0294 CC                  930 	xch	a,r4
   0295 C4                  931 	swap	a
   0296 03                  932 	rr	a
   0297 54 07               933 	anl	a,#0x07
   0299 6C                  934 	xrl	a,r4
   029A CC                  935 	xch	a,r4
   029B 54 07               936 	anl	a,#0x07
   029D CC                  937 	xch	a,r4
   029E 6C                  938 	xrl	a,r4
   029F CC                  939 	xch	a,r4
   02A0 FD                  940 	mov	r5,a
   02A1 EC                  941 	mov	a,r4
   02A2 2A                  942 	add	a,r2
   02A3 FA                  943 	mov	r2,a
   02A4 ED                  944 	mov	a,r5
   02A5 3B                  945 	addc	a,r3
   02A6 FB                  946 	mov	r3,a
                            947 ;	../kombi.c:217: while (eis5lux > 0x07FF) {	// Exponent erhöhen falls Mantisse zu groß
   02A7 7C 00               948 	mov	r4,#0x00
   02A9 7D 38               949 	mov	r5,#0x38
   02AB                     950 00139$:
   02AB C3                  951 	clr	c
   02AC 74 FF               952 	mov	a,#0xFF
   02AE 9A                  953 	subb	a,r2
   02AF 74 07               954 	mov	a,#0x07
   02B1 9B                  955 	subb	a,r3
   02B2 50 0D               956 	jnc	00141$
                            957 ;	../kombi.c:218: eis5lux=eis5lux>>1;
   02B4 EB                  958 	mov	a,r3
   02B5 C3                  959 	clr	c
   02B6 13                  960 	rrc	a
   02B7 CA                  961 	xch	a,r2
   02B8 13                  962 	rrc	a
   02B9 CA                  963 	xch	a,r2
   02BA FB                  964 	mov	r3,a
                            965 ;	../kombi.c:219: exponent+=0x0800;
   02BB 74 08               966 	mov	a,#0x08
   02BD 2D                  967 	add	a,r5
   02BE FD                  968 	mov	r5,a
   02BF 80 EA               969 	sjmp	00139$
   02C1                     970 00141$:
                            971 ;	../kombi.c:221: eis5lux+=exponent;
   02C1 EC                  972 	mov	a,r4
   02C2 2A                  973 	add	a,r2
   02C3 FA                  974 	mov	r2,a
   02C4 ED                  975 	mov	a,r5
   02C5 3B                  976 	addc	a,r3
   02C6 FB                  977 	mov	r3,a
                            978 ;	../kombi.c:223: write_obj_value(0,eis5lux);		// Lux Wert im userram speichern
   02C7 C0 02               979 	push	ar2
   02C9 C0 03               980 	push	ar3
   02CB 75 82 00            981 	mov	dpl,#0x00
   02CE 12s00r00            982 	lcall	_write_obj_value
   02D1 15 81               983 	dec	sp
   02D3 15 81               984 	dec	sp
                            985 ;	../kombi.c:224: schwelle(4);                           // Helligkeitsschwellen 2 und 3
   02D5 75 82 04            986 	mov	dpl,#0x04
   02D8 12s00r00            987 	lcall	_schwelle
                            988 ;	../kombi.c:225: schwelle(5);
   02DB 75 82 05            989 	mov	dpl,#0x05
   02DE 12s00r00            990 	lcall	_schwelle
   02E1                     991 00143$:
                            992 ;	../kombi.c:227: schwelle(3);      // Helligkeitsschwelle 1 trotzdem jedes mal weil es auch Nachregelung sein könnte
   02E1 75 82 03            993 	mov	dpl,#0x03
   02E4 12s00r00            994 	lcall	_schwelle
                            995 ;	../kombi.c:228: sequence=1;
   02E7 78r00               996 	mov	r0,#_sequence
   02E9 76 01               997 	mov	@r0,#0x01
                            998 ;	../kombi.c:231: }
   02EB                     999 00146$:
                           1000 ;	../kombi.c:236: change=((eeprom[TEMPPARAM]&0x70)>>4)*100;	// wenn change=0 wird nicht gesendet
   02EB 90s00rD2           1001 	mov	dptr,#(_eeprom + 0x00d2)
   02EE E4                 1002 	clr	a
   02EF 93                 1003 	movc	a,@a+dptr
   02F0 54 70              1004 	anl	a,#0x70
   02F2 C4                 1005 	swap	a
   02F3 54 0F              1006 	anl	a,#0x0f
   02F5 75 F0 64           1007 	mov	b,#0x64
   02F8 A4                 1008 	mul	ab
                           1009 ;	../kombi.c:237: if(change) {
   02F9 FA                 1010 	mov	r2,a
   02FA AB F0              1011 	mov	r3,b
   02FC 4B                 1012 	orl	a,r3
   02FD 60 49              1013 	jz	00151$
                           1014 ;	../kombi.c:238: if (((temp + change)<= lasttemp) || ((lasttemp + change)<= temp)) {	// bei Änderung um 1-3K
   02FF EA                 1015 	mov	a,r2
   0300 25*06              1016 	add	a,_temp
   0302 FC                 1017 	mov	r4,a
   0303 EB                 1018 	mov	a,r3
   0304 35*07              1019 	addc	a,(_temp + 1)
   0306 FD                 1020 	mov	r5,a
   0307 C3                 1021 	clr	c
   0308 E5*04              1022 	mov	a,_lasttemp
   030A 9C                 1023 	subb	a,r4
   030B E5*05              1024 	mov	a,(_lasttemp + 1)
   030D 64 80              1025 	xrl	a,#0x80
   030F 8D F0              1026 	mov	b,r5
   0311 63 F0 80           1027 	xrl	b,#0x80
   0314 95 F0              1028 	subb	a,b
   0316 50 19              1029 	jnc	00147$
   0318 EA                 1030 	mov	a,r2
   0319 25*04              1031 	add	a,_lasttemp
   031B FC                 1032 	mov	r4,a
   031C EB                 1033 	mov	a,r3
   031D 35*05              1034 	addc	a,(_lasttemp + 1)
   031F FD                 1035 	mov	r5,a
   0320 C3                 1036 	clr	c
   0321 E5*06              1037 	mov	a,_temp
   0323 9C                 1038 	subb	a,r4
   0324 E5*07              1039 	mov	a,(_temp + 1)
   0326 64 80              1040 	xrl	a,#0x80
   0328 8D F0              1041 	mov	b,r5
   032A 63 F0 80           1042 	xrl	b,#0x80
   032D 95 F0              1043 	subb	a,b
   032F 40 17              1044 	jc	00151$
   0331                    1045 00147$:
                           1046 ;	../kombi.c:239: WRITE_DELAY_RECORD(1,1,1,timer+1)
   0331 74 01              1047 	mov	a,#0x01
   0333 F5*04              1048 	mov	(_delrec + 0x0004),a
   0335 F5*05              1049 	mov	(_delrec + 0x0005),a
   0337 25*00              1050 	add	a,_timer
   0339 FC                 1051 	mov	r4,a
   033A E4                 1052 	clr	a
   033B 35*01              1053 	addc	a,(_timer + 1)
   033D FD                 1054 	mov	r5,a
   033E 8C*06              1055 	mov	(_delrec + 0x0006),r4
   0340 8D*07              1056 	mov	((_delrec + 0x0006) + 1),r5
                           1057 ;	../kombi.c:240: lasttemp=temp;
   0342 85*06*04           1058 	mov	_lasttemp,_temp
   0345 85*07*05           1059 	mov	(_lasttemp + 1),(_temp + 1)
   0348                    1060 00151$:
                           1061 ;	../kombi.c:245: if (eeprom[LUXPARAM] & 0x70) {	// wenn Lux senden bei Änderung aktiv
   0348 90s00rD3           1062 	mov	dptr,#(_eeprom + 0x00d3)
   034B E4                 1063 	clr	a
   034C 93                 1064 	movc	a,@a+dptr
   034D FC                 1065 	mov	r4,a
   034E 54 70              1066 	anl	a,#0x70
   0350 70 03              1067 	jnz	00292$
   0352 02s03rDB           1068 	ljmp	00160$
   0355                    1069 00292$:
                           1070 ;	../kombi.c:246: change=_divuint(lastlux,luxchange[(eeprom[LUXPARAM]&0x70)>>4]);
   0355 90s00rD3           1071 	mov	dptr,#(_eeprom + 0x00d3)
   0358 E4                 1072 	clr	a
   0359 93                 1073 	movc	a,@a+dptr
   035A 54 70              1074 	anl	a,#0x70
   035C C4                 1075 	swap	a
   035D 54 0F              1076 	anl	a,#0x0f
   035F 90s00r0F           1077 	mov	dptr,#_luxchange
   0362 93                 1078 	movc	a,@a+dptr
   0363 FC                 1079 	mov	r4,a
   0364 7D 00              1080 	mov	r5,#0x00
   0366 C0 04              1081 	push	ar4
   0368 C0 05              1082 	push	ar5
   036A 85*02 82           1083 	mov	dpl,_lastlux
   036D 85*03 83           1084 	mov	dph,(_lastlux + 1)
   0370 12s00r00           1085 	lcall	__divuint
   0373 AC 82              1086 	mov	r4,dpl
   0375 AD 83              1087 	mov	r5,dph
   0377 15 81              1088 	dec	sp
   0379 15 81              1089 	dec	sp
   037B 8C 02              1090 	mov	ar2,r4
   037D 8D 03              1091 	mov	ar3,r5
                           1092 ;	../kombi.c:247: if (change==0) change=1;		// mindestens 1 Lux Änderung
   037F EA                 1093 	mov	a,r2
   0380 4B                 1094 	orl	a,r3
   0381 70 03              1095 	jnz	00153$
   0383 7A 01              1096 	mov	r2,#0x01
   0385 FB                 1097 	mov	r3,a
   0386                    1098 00153$:
                           1099 ;	../kombi.c:248: if ((lux>lastlux && (lux-lastlux)>=change) || (lux<lastlux && (lastlux-lux)>=change)) {
   0386 C3                 1100 	clr	c
   0387 E5*02              1101 	mov	a,_lastlux
   0389 95*08              1102 	subb	a,_lux
   038B E5*03              1103 	mov	a,(_lastlux + 1)
   038D 95*09              1104 	subb	a,(_lux + 1)
   038F 50 16              1105 	jnc	00158$
   0391 E5*08              1106 	mov	a,_lux
   0393 C3                 1107 	clr	c
   0394 95*02              1108 	subb	a,_lastlux
   0396 FC                 1109 	mov	r4,a
   0397 E5*09              1110 	mov	a,(_lux + 1)
   0399 95*03              1111 	subb	a,(_lastlux + 1)
   039B FD                 1112 	mov	r5,a
   039C 8A 06              1113 	mov	ar6,r2
   039E 8B 07              1114 	mov	ar7,r3
   03A0 C3                 1115 	clr	c
   03A1 EC                 1116 	mov	a,r4
   03A2 9E                 1117 	subb	a,r6
   03A3 ED                 1118 	mov	a,r5
   03A4 9F                 1119 	subb	a,r7
   03A5 50 1D              1120 	jnc	00154$
   03A7                    1121 00158$:
   03A7 C3                 1122 	clr	c
   03A8 E5*08              1123 	mov	a,_lux
   03AA 95*02              1124 	subb	a,_lastlux
   03AC E5*09              1125 	mov	a,(_lux + 1)
   03AE 95*03              1126 	subb	a,(_lastlux + 1)
   03B0 50 29              1127 	jnc	00160$
   03B2 E5*02              1128 	mov	a,_lastlux
   03B4 C3                 1129 	clr	c
   03B5 95*08              1130 	subb	a,_lux
   03B7 FC                 1131 	mov	r4,a
   03B8 E5*03              1132 	mov	a,(_lastlux + 1)
   03BA 95*09              1133 	subb	a,(_lux + 1)
   03BC FD                 1134 	mov	r5,a
   03BD C3                 1135 	clr	c
   03BE EC                 1136 	mov	a,r4
   03BF 9A                 1137 	subb	a,r2
   03C0 ED                 1138 	mov	a,r5
   03C1 9B                 1139 	subb	a,r3
   03C2 40 17              1140 	jc	00160$
   03C4                    1141 00154$:
                           1142 ;	../kombi.c:249: WRITE_DELAY_RECORD(0,1,1,timer+1)
   03C4 74 01              1143 	mov	a,#0x01
   03C6 F5*00              1144 	mov	_delrec,a
   03C8 F5*01              1145 	mov	(_delrec + 0x0001),a
   03CA 25*00              1146 	add	a,_timer
   03CC FA                 1147 	mov	r2,a
   03CD E4                 1148 	clr	a
   03CE 35*01              1149 	addc	a,(_timer + 1)
   03D0 FB                 1150 	mov	r3,a
   03D1 8A*02              1151 	mov	(_delrec + 0x0002),r2
   03D3 8B*03              1152 	mov	((_delrec + 0x0002) + 1),r3
                           1153 ;	../kombi.c:250: lastlux=lux;
   03D5 85*08*02           1154 	mov	_lastlux,_lux
   03D8 85*09*03           1155 	mov	(_lastlux + 1),(_lux + 1)
   03DB                    1156 00160$:
                           1157 ;	../kombi.c:255: schwelle(8);     // Verknüpfungsobjekte
   03DB 75 82 08           1158 	mov	dpl,#0x08
   03DE 12s00r00           1159 	lcall	_schwelle
                           1160 ;	../kombi.c:256: schwelle(9);
   03E1 75 82 09           1161 	mov	dpl,#0x09
   03E4 12s00r00           1162 	lcall	_schwelle
                           1163 ;	../kombi.c:258: if(RTCCON>=0x80) delay_timer();	// Realtime clock Überlauf
   03E7 74 80              1164 	mov	a,#0x100 - 0x80
   03E9 25 D1              1165 	add	a,_RTCCON
   03EB 50 03              1166 	jnc	00164$
   03ED 12s00r00           1167 	lcall	_delay_timer
   03F0                    1168 00164$:
                           1169 ;	../kombi.c:263: EA=0;
   03F0 C2 AF              1170 	clr	_IEN0_7
                           1171 ;	../kombi.c:264: WFEED1=0xA5;
   03F2 75 C2 A5           1172 	mov	_WFEED1,#0xA5
                           1173 ;	../kombi.c:265: WFEED2=0x5A;
   03F5 75 C3 5A           1174 	mov	_WFEED2,#0x5A
                           1175 ;	../kombi.c:266: EA=1;
   03F8 D2 AF              1176 	setb	_IEN0_7
                           1177 ;	../kombi.c:268: if(tel_arrived) process_tel();			// empfangenes Telegramm abarbeiten
   03FA 30*00 03           1178 	jnb	_tel_arrived,00168$
   03FD 12s00r00           1179 	lcall	_process_tel
   0400                    1180 00168$:
                           1181 ;	../kombi.c:272: TASTER=1;				// Pin als Eingang schalten um Taster abzufragen
   0400 D2 97              1182 	setb	_P1_7
                           1183 ;	../kombi.c:273: if(!TASTER){ // Taster gedrückt
   0402 20 97 14           1184 	jb	_P1_7,00178$
                           1185 ;	../kombi.c:274: if(tasterpegel<255)	tasterpegel++;
   0405 74 01              1186 	mov	a,#0x100 - 0xFF
   0407 25*0A              1187 	add	a,_tasterpegel
   0409 40 04              1188 	jc	00172$
   040B 05*0A              1189 	inc	_tasterpegel
   040D 80 14              1190 	sjmp	00179$
   040F                    1191 00172$:
                           1192 ;	../kombi.c:276: if(!tastergetoggelt)status60^=0x81;	// Prog-Bit und Parity-Bit im system_state toggeln
   040F 20*00 03           1193 	jb	_tastergetoggelt,00170$
   0412 63r00 81           1194 	xrl	_status60,#0x81
   0415                    1195 00170$:
                           1196 ;	../kombi.c:277: tastergetoggelt=1;
   0415 D2*00              1197 	setb	_tastergetoggelt
   0417 80 0A              1198 	sjmp	00179$
   0419                    1199 00178$:
                           1200 ;	../kombi.c:281: if(tasterpegel>0) tasterpegel--;
   0419 E5*0A              1201 	mov	a,_tasterpegel
   041B 60 04              1202 	jz	00175$
   041D 15*0A              1203 	dec	_tasterpegel
   041F 80 02              1204 	sjmp	00179$
   0421                    1205 00175$:
                           1206 ;	../kombi.c:282: else tastergetoggelt=0;
   0421 C2*00              1207 	clr	_tastergetoggelt
   0423                    1208 00179$:
                           1209 ;	../kombi.c:284: TASTER=!(status60 & 0x01);	// LED entsprechend Prog-Bit schalten (low=LED an)
   0423 E5*00              1210 	mov	a,_status60
   0425 54 01              1211 	anl	a,#0x01
   0427 FA                 1212 	mov	r2,a
   0428 B4 01 00           1213 	cjne	a,#0x01,00304$
   042B                    1214 00304$:
   042B 92 97              1215 	mov	_P1_7,c
                           1216 ;	../kombi.c:285: if (fb_state==0) for(n=0;n<100;n++) {}	// etwas zeit zum leuchten, wenn Hauptschleife nicht aktiv
   042D E5*00              1217 	mov	a,_fb_state
   042F 60 03              1218 	jz	00305$
   0431 02s00r48           1219 	ljmp	00182$
   0434                    1220 00305$:
   0434 7A 64              1221 	mov	r2,#0x64
   0436                    1222 00194$:
   0436 DA FE              1223 	djnz	r2,00194$
                           1224 ;	../kombi.c:286: } while(1);
   0438 02s00r48           1225 	ljmp	00182$
   043B 85*00 81           1226 	mov	sp,_bp
   043E D0*00              1227 	pop	_bp
   0440 22                 1228 	ret
                           1229 	.area CSEG    (CODE)
                           1230 	.area CONST   (CODE)
   0000                    1231 _logtable:
   0000 00                 1232 	.db #0x00
   0001 09                 1233 	.db #0x09
   0002 11                 1234 	.db #0x11
   0003 1B                 1235 	.db #0x1B
   0004 28                 1236 	.db #0x28
   0005 35                 1237 	.db #0x35
   0006 42                 1238 	.db #0x42
   0007 4F                 1239 	.db #0x4F
   0008 58                 1240 	.db #0x58
   0009 60                 1241 	.db #0x60
   000A 65                 1242 	.db #0x65
   000B 6A                 1243 	.db #0x6A
   000C 6D                 1244 	.db #0x6D
   000D 70                 1245 	.db #0x70
   000E FF                 1246 	.db #0xFF
   000F                    1247 _luxchange:
   000F 64                 1248 	.db #0x64
   0010 14                 1249 	.db #0x14
   0011 0A                 1250 	.db #0x0A
   0012 05                 1251 	.db #0x05
   0013 03                 1252 	.db #0x03
                           1253 	.area XINIT   (CODE)
                           1254 	.area CABS    (ABS,CODE)
